Using pre-set license
Built from '2020.3/staging' branch; Version is '2020.3.8f1 (507919d4fff5) revision 5273881'; Using compiler version '192528614'; Build Type 'Release'
OS: 'Windows 10 Home Single Language; OS build 22631.3593; Version 2009; 64bit' Language: 'en' Physical Memory: 7541 MB
BatchMode: 1, IsHumanControllingUs: 0, StartBugReporterOnCrash: 0, Is64bit: 1, IsPro: 0

 COMMAND LINE ARGUMENTS:
C:\Program Files\Unity\Hub\Editor\2020.3.8f1\Editor\Unity.exe
-adb2
-batchMode
-noUpm
-name
AssetImportWorker0
-projectPath
D:/solarpanelDigitalTwin
-logFile
Logs/AssetImportWorker0.log
-srvPort
60315
Successfully changed project path to: D:/solarpanelDigitalTwin
D:/solarpanelDigitalTwin
Using Asset Import Pipeline V2.
Refreshing native plugins compatible for Editor in 430.95 ms, found 2 plugins.
Preloading 0 native plugins for Editor in 0.00 ms.
Initialize engine version: 2020.3.8f1 (507919d4fff5)
[Subsystems] Discovering subsystems at path C:/Program Files/Unity/Hub/Editor/2020.3.8f1/Editor/Data/Resources/UnitySubsystems
[Subsystems] Discovering subsystems at path D:/solarpanelDigitalTwin/Assets
GfxDevice: creating device client; threaded=0
Direct3D:
    Version:  Direct3D 11.0 [level 11.1]
    Renderer: NVIDIA GeForce GTX 1650 Ti (ID=0x1f95)
    Vendor:   
    VRAM:     3950 MB
    Driver:   31.0.15.4626
Initialize mono
Mono path[0] = 'C:/Program Files/Unity/Hub/Editor/2020.3.8f1/Editor/Data/Managed'
Mono path[1] = 'C:/Program Files/Unity/Hub/Editor/2020.3.8f1/Editor/Data/MonoBleedingEdge/lib/mono/unityjit'
Mono config path = 'C:/Program Files/Unity/Hub/Editor/2020.3.8f1/Editor/Data/MonoBleedingEdge/etc'
Using monoOptions --debugger-agent=transport=dt_socket,embedding=1,server=y,suspend=n,address=127.0.0.1:56820
Begin MonoManager ReloadAssembly
Registering precompiled unity dll's ...
Register platform support module: C:/Program Files/Unity/Hub/Editor/2020.3.8f1/Editor/Data/PlaybackEngines/WindowsStandaloneSupport/UnityEditor.WindowsStandalone.Extensions.dll
Registered in 0.003112 seconds.
Native extension for WindowsStandalone target not found
Refreshing native plugins compatible for Editor in 65.56 ms, found 2 plugins.
Preloading 0 native plugins for Editor in 0.00 ms.
Mono: successfully reloaded assembly
- Completed reload, in  9.014 seconds
Platform modules already initialized, skipping
Registering precompiled user dll's ...
Registered in 0.004765 seconds.
Begin MonoManager ReloadAssembly
Native extension for WindowsStandalone target not found
Refreshing native plugins compatible for Editor in 67.51 ms, found 2 plugins.
Preloading 0 native plugins for Editor in 0.00 ms.
Mono: successfully reloaded assembly
- Completed reload, in  2.555 seconds
Platform modules already initialized, skipping
========================================================================
Worker process is ready to serve import requests
Launched and connected shader compiler UnityShaderCompiler.exe after 0.17 seconds
Refreshing native plugins compatible for Editor in 0.67 ms, found 2 plugins.
Preloading 0 native plugins for Editor in 0.00 ms.
Unloading 2210 Unused Serialized files (Serialized files now loaded: 0)
System memory in use before: 112.1 MB.
System memory in use after: 112.2 MB.

Unloading 17 unused Assets to reduce memory usage. Loaded Objects now: 2681.
Total: 3.253900 ms (FindLiveObjects: 0.282500 ms CreateObjectMapping: 0.103700 ms MarkObjects: 2.824700 ms  DeleteObjects: 0.040900 ms)

========================================================================
Received Import Request.
  path: Assets/solar wiper movement/mp1.mat
  artifactKey: Guid(031a0a66b9f4f5a46b4cad5df4d45667) Importer(815301076,1909f56bfc062723c751e8b465ee728b)
Start importing Assets/solar wiper movement/mp1.mat using Guid(031a0a66b9f4f5a46b4cad5df4d45667) Importer(815301076,1909f56bfc062723c751e8b465ee728b)  -> (artifact id: 'e1f2ce054166081367021423e5c3b65b') in 1.401841 seconds
  Import took 1.587623 seconds .

========================================================================
Received Prepare
Registering precompiled user dll's ...
Registered in 0.007327 seconds.
Begin MonoManager ReloadAssembly
Native extension for WindowsStandalone target not found
Refreshing native plugins compatible for Editor in 2.15 ms, found 2 plugins.
Preloading 0 native plugins for Editor in 0.00 ms.
Mono: successfully reloaded assembly
- Completed reload, in  2.173 seconds
Platform modules already initialized, skipping
Refreshing native plugins compatible for Editor in 0.79 ms, found 2 plugins.
Preloading 0 native plugins for Editor in 0.00 ms.
Unloading 2184 Unused Serialized files (Serialized files now loaded: 0)
System memory in use before: 113.4 MB.
System memory in use after: 113.6 MB.

Unloading 13 unused Assets to reduce memory usage. Loaded Objects now: 2724.
Total: 8.782500 ms (FindLiveObjects: 0.378600 ms CreateObjectMapping: 0.110000 ms MarkObjects: 8.240900 ms  DeleteObjects: 0.049600 ms)

========================================================================
Received Prepare
Registering precompiled user dll's ...
Registered in 0.006526 seconds.
Begin MonoManager ReloadAssembly
Native extension for WindowsStandalone target not found
Refreshing native plugins compatible for Editor in 0.50 ms, found 2 plugins.
Preloading 0 native plugins for Editor in 0.00 ms.
Mono: successfully reloaded assembly
- Completed reload, in  1.824 seconds
Platform modules already initialized, skipping
Refreshing native plugins compatible for Editor in 0.76 ms, found 2 plugins.
Preloading 0 native plugins for Editor in 0.00 ms.
Unloading 2184 Unused Serialized files (Serialized files now loaded: 0)
System memory in use before: 113.4 MB.
System memory in use after: 113.6 MB.

Unloading 13 unused Assets to reduce memory usage. Loaded Objects now: 2727.
Total: 2.658500 ms (FindLiveObjects: 0.403500 ms CreateObjectMapping: 0.089100 ms MarkObjects: 2.130900 ms  DeleteObjects: 0.032700 ms)

========================================================================
Received Prepare
Registering precompiled user dll's ...
Registered in 0.004695 seconds.
Begin MonoManager ReloadAssembly
Native extension for WindowsStandalone target not found
Refreshing native plugins compatible for Editor in 0.79 ms, found 2 plugins.
Preloading 0 native plugins for Editor in 0.00 ms.
Mono: successfully reloaded assembly
- Completed reload, in  1.828 seconds
Platform modules already initialized, skipping
Refreshing native plugins compatible for Editor in 0.61 ms, found 2 plugins.
Preloading 0 native plugins for Editor in 0.00 ms.
Unloading 2184 Unused Serialized files (Serialized files now loaded: 0)
System memory in use before: 113.4 MB.
System memory in use after: 113.6 MB.

Unloading 13 unused Assets to reduce memory usage. Loaded Objects now: 2730.
Total: 3.495000 ms (FindLiveObjects: 0.398400 ms CreateObjectMapping: 0.122300 ms MarkObjects: 2.940700 ms  DeleteObjects: 0.030400 ms)

========================================================================
Received Prepare
Registering precompiled user dll's ...
Registered in 0.141408 seconds.
Begin MonoManager ReloadAssembly
Native extension for WindowsStandalone target not found
Refreshing native plugins compatible for Editor in 0.63 ms, found 2 plugins.
Preloading 0 native plugins for Editor in 0.00 ms.
Mono: successfully reloaded assembly
- Completed reload, in  3.275 seconds
Platform modules already initialized, skipping
Refreshing native plugins compatible for Editor in 0.61 ms, found 2 plugins.
Preloading 0 native plugins for Editor in 0.00 ms.
Unloading 2184 Unused Serialized files (Serialized files now loaded: 0)
System memory in use before: 113.4 MB.
System memory in use after: 113.7 MB.

Unloading 13 unused Assets to reduce memory usage. Loaded Objects now: 2733.
Total: 4.396600 ms (FindLiveObjects: 0.455800 ms CreateObjectMapping: 0.188700 ms MarkObjects: 3.703600 ms  DeleteObjects: 0.045600 ms)

========================================================================
Received Import Request.
  Time since last request: 1109.433959 seconds.
  path: Assets/fogtext.cs
  artifactKey: Guid(2c0f35e644b23b74fb1ea12edce32963) Importer(815301076,1909f56bfc062723c751e8b465ee728b)
Start importing Assets/fogtext.cs using Guid(2c0f35e644b23b74fb1ea12edce32963) Importer(815301076,1909f56bfc062723c751e8b465ee728b)  -> (artifact id: '68b9df3bbc3536e0e0d2812ad2d0cee8') in 0.094467 seconds
  Import took 0.114356 seconds .

========================================================================
Received Import Request.
  Time since last request: 508.602417 seconds.
  path: Assets/ToggleObjectWithButton.cs
  artifactKey: Guid(bd5f1ae36237869448e14cbf525fa713) Importer(815301076,1909f56bfc062723c751e8b465ee728b)
Start importing Assets/ToggleObjectWithButton.cs using Guid(bd5f1ae36237869448e14cbf525fa713) Importer(815301076,1909f56bfc062723c751e8b465ee728b)  -> (artifact id: '21a16c77804f882c1342ef0f4c51f67f') in 0.005148 seconds
  Import took 0.041098 seconds .

========================================================================
Received Import Request.
  Time since last request: 21.519484 seconds.
  path: Assets/ToggleObjectWithButton.cs
  artifactKey: Guid(bd5f1ae36237869448e14cbf525fa713) Importer(815301076,1909f56bfc062723c751e8b465ee728b)
Start importing Assets/ToggleObjectWithButton.cs using Guid(bd5f1ae36237869448e14cbf525fa713) Importer(815301076,1909f56bfc062723c751e8b465ee728b)  -> (artifact id: 'b1e53d15a37427199c9ee990e1f75701') in 0.002781 seconds
  Import took 0.008312 seconds .

========================================================================
Received Import Request.
  Time since last request: 177.418827 seconds.
  path: Assets/ToggleObjectWithButton.cs
  artifactKey: Guid(bd5f1ae36237869448e14cbf525fa713) Importer(815301076,1909f56bfc062723c751e8b465ee728b)
Start importing Assets/ToggleObjectWithButton.cs using Guid(bd5f1ae36237869448e14cbf525fa713) Importer(815301076,1909f56bfc062723c751e8b465ee728b)  -> (artifact id: '983adefe7fe7e3d6b0f61e3945170b9d') in 0.003114 seconds
  Import took 0.008091 seconds .

========================================================================
Received Import Request.
  Time since last request: 0.000545 seconds.
  path: Assets/ToggleObjectWithButton.cs
  artifactKey: Guid(bd5f1ae36237869448e14cbf525fa713) Importer(815301076,1909f56bfc062723c751e8b465ee728b)
Start importing Assets/ToggleObjectWithButton.cs using Guid(bd5f1ae36237869448e14cbf525fa713) Importer(815301076,1909f56bfc062723c751e8b465ee728b)  -> (artifact id: '983adefe7fe7e3d6b0f61e3945170b9d') in 0.003888 seconds
  Import took 0.013191 seconds .

========================================================================
Received Import Request.
  Time since last request: 38.939200 seconds.
  path: Assets/toggleobjects.cs
  artifactKey: Guid(bd5f1ae36237869448e14cbf525fa713) Importer(815301076,1909f56bfc062723c751e8b465ee728b)
Start importing Assets/toggleobjects.cs using Guid(bd5f1ae36237869448e14cbf525fa713) Importer(815301076,1909f56bfc062723c751e8b465ee728b)  -> (artifact id: '019d618419d7003b6ff34fbe15ebfa1a') in 0.012013 seconds
  Import took 0.026181 seconds .

========================================================================
Received Import Request.
  Time since last request: 44.293771 seconds.
  path: Assets/toggleobjects.cs
  artifactKey: Guid(bd5f1ae36237869448e14cbf525fa713) Importer(815301076,1909f56bfc062723c751e8b465ee728b)
Start importing Assets/toggleobjects.cs using Guid(bd5f1ae36237869448e14cbf525fa713) Importer(815301076,1909f56bfc062723c751e8b465ee728b)  -> (artifact id: 'f20fcbaa42bda2f44af7aa1e2f9e9e90') in 0.003846 seconds
  Import took 0.012639 seconds .

========================================================================
Received Import Request.
  Time since last request: 101.816062 seconds.
  path: Assets/toggleobjects.cs
  artifactKey: Guid(bd5f1ae36237869448e14cbf525fa713) Importer(815301076,1909f56bfc062723c751e8b465ee728b)
Start importing Assets/toggleobjects.cs using Guid(bd5f1ae36237869448e14cbf525fa713) Importer(815301076,1909f56bfc062723c751e8b465ee728b)  -> (artifact id: '786e7bab69588988317132dfe5913ce1') in 0.003613 seconds
  Import took 0.009366 seconds .

========================================================================
Received Import Request.
  Time since last request: 4.295020 seconds.
  path: Assets/ToggleObjectWithButton.cs
  artifactKey: Guid(bd5f1ae36237869448e14cbf525fa713) Importer(815301076,1909f56bfc062723c751e8b465ee728b)
Start importing Assets/ToggleObjectWithButton.cs using Guid(bd5f1ae36237869448e14cbf525fa713) Importer(815301076,1909f56bfc062723c751e8b465ee728b)  -> (artifact id: 'f2b2cdfdeab6f16182a009c5b286e9a3') in 0.003862 seconds
  Import took 0.011075 seconds .

========================================================================
Received Import Request.
  Time since last request: 202.405013 seconds.
  path: Assets/ToggleObjectWithButton.cs
  artifactKey: Guid(bd5f1ae36237869448e14cbf525fa713) Importer(815301076,1909f56bfc062723c751e8b465ee728b)
Start importing Assets/ToggleObjectWithButton.cs using Guid(bd5f1ae36237869448e14cbf525fa713) Importer(815301076,1909f56bfc062723c751e8b465ee728b)  -> (artifact id: '3fd7626b220454ade35743d450a89018') in 0.005107 seconds
  Import took 0.018764 seconds .

========================================================================
Received Import Request.
  Time since last request: 15.157969 seconds.
  path: Assets/ToggleObjectWithButton.cs
  artifactKey: Guid(bd5f1ae36237869448e14cbf525fa713) Importer(815301076,1909f56bfc062723c751e8b465ee728b)
Start importing Assets/ToggleObjectWithButton.cs using Guid(bd5f1ae36237869448e14cbf525fa713) Importer(815301076,1909f56bfc062723c751e8b465ee728b)  -> (artifact id: '57259ed6003fae010ecb0ccdf6c1b27b') in 0.004386 seconds
  Import took 0.011202 seconds .

========================================================================
Received Prepare
Registering precompiled user dll's ...
Registered in 0.041396 seconds.
Begin MonoManager ReloadAssembly
Native extension for WindowsStandalone target not found
Refreshing native plugins compatible for Editor in 0.77 ms, found 2 plugins.
Preloading 0 native plugins for Editor in 0.00 ms.
Mono: successfully reloaded assembly
- Completed reload, in  3.041 seconds
Platform modules already initialized, skipping
Refreshing native plugins compatible for Editor in 1.34 ms, found 2 plugins.
Preloading 0 native plugins for Editor in 0.00 ms.
Unloading 2185 Unused Serialized files (Serialized files now loaded: 0)
System memory in use before: 113.4 MB.
System memory in use after: 113.6 MB.

Unloading 13 unused Assets to reduce memory usage. Loaded Objects now: 2737.
Total: 6.528400 ms (FindLiveObjects: 0.570300 ms CreateObjectMapping: 0.232400 ms MarkObjects: 5.649600 ms  DeleteObjects: 0.071500 ms)

========================================================================
Received Import Request.
  Time since last request: 302.852181 seconds.
  path: Assets/solar wiper movement/mp1.mat
  artifactKey: Guid(031a0a66b9f4f5a46b4cad5df4d45667) Importer(815301076,1909f56bfc062723c751e8b465ee728b)
Start importing Assets/solar wiper movement/mp1.mat using Guid(031a0a66b9f4f5a46b4cad5df4d45667) Importer(815301076,1909f56bfc062723c751e8b465ee728b)  -> (artifact id: 'a174a7594468c507be9943d27a3d9a75') in 1.600736 seconds
  Import took 1.608908 seconds .

========================================================================
Received Import Request.
  Time since last request: 0.000596 seconds.
  path: Assets/solar wiper movement/mp2.mat
  artifactKey: Guid(3645eb58e9be8324fb8d7ddb00dc005e) Importer(815301076,1909f56bfc062723c751e8b465ee728b)
Start importing Assets/solar wiper movement/mp2.mat using Guid(3645eb58e9be8324fb8d7ddb00dc005e) Importer(815301076,1909f56bfc062723c751e8b465ee728b)  -> (artifact id: '6d0d424c62fa83d8fd9e9325dadaa974') in 0.053994 seconds
  Import took 0.062849 seconds .

========================================================================
Received Import Request.
  Time since last request: 0.011631 seconds.
  path: Assets/solar wiper movement/mp2.mat
  artifactKey: Guid(3645eb58e9be8324fb8d7ddb00dc005e) Importer(815301076,1909f56bfc062723c751e8b465ee728b)
Start importing Assets/solar wiper movement/mp2.mat using Guid(3645eb58e9be8324fb8d7ddb00dc005e) Importer(815301076,1909f56bfc062723c751e8b465ee728b)  -> (artifact id: '6d0d424c62fa83d8fd9e9325dadaa974') in 0.022627 seconds
  Import took 0.031148 seconds .

========================================================================
Received Import Request.
  Time since last request: 567.571205 seconds.
  path: Assets/SolarPanel6.cs
  artifactKey: Guid(7697f37cfd6192442b557f08881db2b8) Importer(815301076,1909f56bfc062723c751e8b465ee728b)
Start importing Assets/SolarPanel6.cs using Guid(7697f37cfd6192442b557f08881db2b8) Importer(815301076,1909f56bfc062723c751e8b465ee728b)  -> (artifact id: '2900392d5cafd938c18e79fbc9211771') in 0.104463 seconds
  Import took 0.111791 seconds .

========================================================================
Received Import Request.
  Time since last request: 0.033588 seconds.
  path: Assets/SolarPanel6.cs
  artifactKey: Guid(7697f37cfd6192442b557f08881db2b8) Importer(815301076,1909f56bfc062723c751e8b465ee728b)
Start importing Assets/SolarPanel6.cs using Guid(7697f37cfd6192442b557f08881db2b8) Importer(815301076,1909f56bfc062723c751e8b465ee728b)  -> (artifact id: '2900392d5cafd938c18e79fbc9211771') in 0.009019 seconds
  Import took 0.022244 seconds .

========================================================================
Received Import Request.
  Time since last request: 3.745611 seconds.
  path: Assets/EnergyGraph.cs
  artifactKey: Guid(914f028cbf240f6418a3bd9796858672) Importer(815301076,1909f56bfc062723c751e8b465ee728b)
Start importing Assets/EnergyGraph.cs using Guid(914f028cbf240f6418a3bd9796858672) Importer(815301076,1909f56bfc062723c751e8b465ee728b)  -> (artifact id: '5ace81935895909f73ca09ebca506378') in 0.005331 seconds
  Import took 0.013367 seconds .

========================================================================
Received Import Request.
  Time since last request: 5.552873 seconds.
  path: Assets/BatteryManager.cs
  artifactKey: Guid(e03dfe260d6447e47ac81db6db94f3b8) Importer(815301076,1909f56bfc062723c751e8b465ee728b)
Start importing Assets/BatteryManager.cs using Guid(e03dfe260d6447e47ac81db6db94f3b8) Importer(815301076,1909f56bfc062723c751e8b465ee728b)  -> (artifact id: 'a6758c6797c42c689e413cd14ef7c00c') in 0.006218 seconds
  Import took 0.014214 seconds .

========================================================================
Received Import Request.
  Time since last request: 0.001784 seconds.
  path: Assets/BatteryManager.cs
  artifactKey: Guid(e03dfe260d6447e47ac81db6db94f3b8) Importer(815301076,1909f56bfc062723c751e8b465ee728b)
Start importing Assets/BatteryManager.cs using Guid(e03dfe260d6447e47ac81db6db94f3b8) Importer(815301076,1909f56bfc062723c751e8b465ee728b)  -> (artifact id: 'a6758c6797c42c689e413cd14ef7c00c') in 0.157136 seconds
  Import took 0.166210 seconds .

========================================================================
Received Import Request.
  Time since last request: 184.534260 seconds.
  path: Assets/SolarPanel6.cs
  artifactKey: Guid(7697f37cfd6192442b557f08881db2b8) Importer(815301076,1909f56bfc062723c751e8b465ee728b)
Start importing Assets/SolarPanel6.cs using Guid(7697f37cfd6192442b557f08881db2b8) Importer(815301076,1909f56bfc062723c751e8b465ee728b)  -> (artifact id: '6bbbf31a7be10cde67870941835e93eb') in 0.007133 seconds
  Import took 0.017148 seconds .

========================================================================
Received Import Request.
  Time since last request: 135.815590 seconds.
  path: Assets/NewBehaviourScript.cs
  artifactKey: Guid(7a39eb264799cb44c84e0bd43c350f46) Importer(815301076,1909f56bfc062723c751e8b465ee728b)
Start importing Assets/NewBehaviourScript.cs using Guid(7a39eb264799cb44c84e0bd43c350f46) Importer(815301076,1909f56bfc062723c751e8b465ee728b)  -> (artifact id: 'f8d1e488779542ef8019188cb5f4c4e7') in 0.009514 seconds
  Import took 0.018040 seconds .

========================================================================
Received Import Request.
  Time since last request: 21.820521 seconds.
  path: Assets/SolarPanelManager.cs
  artifactKey: Guid(1869433252e57ae46b51435baece33d0) Importer(815301076,1909f56bfc062723c751e8b465ee728b)
Start importing Assets/SolarPanelManager.cs using Guid(1869433252e57ae46b51435baece33d0) Importer(815301076,1909f56bfc062723c751e8b465ee728b)  -> (artifact id: '4a07c6d9a7dc530c4d8d80caee8c8d0c') in 0.007221 seconds
  Import took 1.371175 seconds .

========================================================================
Received Import Request.
  Time since last request: 32.648125 seconds.
  path: Assets/SolarPanelManager.cs
  artifactKey: Guid(1869433252e57ae46b51435baece33d0) Importer(815301076,1909f56bfc062723c751e8b465ee728b)
Start importing Assets/SolarPanelManager.cs using Guid(1869433252e57ae46b51435baece33d0) Importer(815301076,1909f56bfc062723c751e8b465ee728b)  -> (artifact id: 'b7c7dccefff6006a65e8d80605687f32') in 0.004265 seconds
  Import took 0.013217 seconds .

========================================================================
Received Import Request.
  Time since last request: 74.968420 seconds.
  path: Assets/SolarPanelManager.cs
  artifactKey: Guid(1869433252e57ae46b51435baece33d0) Importer(815301076,1909f56bfc062723c751e8b465ee728b)
Start importing Assets/SolarPanelManager.cs using Guid(1869433252e57ae46b51435baece33d0) Importer(815301076,1909f56bfc062723c751e8b465ee728b)  -> (artifact id: 'da3e3b93d48d40005a4b1017ba717a93') in 0.004228 seconds
  Import took 0.012569 seconds .

========================================================================
Received Import Request.
  Time since last request: 0.001365 seconds.
  path: Assets/SolarPanelManager.cs
  artifactKey: Guid(1869433252e57ae46b51435baece33d0) Importer(815301076,1909f56bfc062723c751e8b465ee728b)
Start importing Assets/SolarPanelManager.cs using Guid(1869433252e57ae46b51435baece33d0) Importer(815301076,1909f56bfc062723c751e8b465ee728b)  -> (artifact id: 'da3e3b93d48d40005a4b1017ba717a93') in 0.003962 seconds
  Import took 0.012029 seconds .

========================================================================
Received Import Request.
  Time since last request: 396.508478 seconds.
  path: Assets/SolarPanelManager.cs
  artifactKey: Guid(1869433252e57ae46b51435baece33d0) Importer(815301076,1909f56bfc062723c751e8b465ee728b)
Start importing Assets/SolarPanelManager.cs using Guid(1869433252e57ae46b51435baece33d0) Importer(815301076,1909f56bfc062723c751e8b465ee728b)  -> (artifact id: 'eb928a24025f74c03482cdaa3903c0aa') in 0.007474 seconds
  Import took 0.015118 seconds .

========================================================================
Received Import Request.
  Time since last request: 79.168819 seconds.
  path: Assets/TotalEnergyFromFarm.cs
  artifactKey: Guid(efeba02f7f587a248b32426126121003) Importer(815301076,1909f56bfc062723c751e8b465ee728b)
Start importing Assets/TotalEnergyFromFarm.cs using Guid(efeba02f7f587a248b32426126121003) Importer(815301076,1909f56bfc062723c751e8b465ee728b)  -> (artifact id: 'af4bba46f9a9bb7ded4a70c028261f68') in 0.004700 seconds
  Import took 0.013472 seconds .

========================================================================
Received Import Request.
  Time since last request: 34.237320 seconds.
  path: Assets/TotalEnergyFromFarm.cs
  artifactKey: Guid(efeba02f7f587a248b32426126121003) Importer(815301076,1909f56bfc062723c751e8b465ee728b)
Start importing Assets/TotalEnergyFromFarm.cs using Guid(efeba02f7f587a248b32426126121003) Importer(815301076,1909f56bfc062723c751e8b465ee728b)  -> (artifact id: 'd009036d73986b7853c82853d22829be') in 0.006645 seconds
  Import took 0.017138 seconds .

