Using pre-set license
Built from '2020.3/staging' branch; Version is '2020.3.8f1 (507919d4fff5) revision 5273881'; Using compiler version '192528614'; Build Type 'Release'
OS: 'Windows 10 Home Single Language; OS build 22631.3593; Version 2009; 64bit' Language: 'en' Physical Memory: 7541 MB
BatchMode: 1, IsHumanControllingUs: 0, StartBugReporterOnCrash: 0, Is64bit: 1, IsPro: 0

 COMMAND LINE ARGUMENTS:
C:\Program Files\Unity\Hub\Editor\2020.3.8f1\Editor\Unity.exe
-adb2
-batchMode
-noUpm
-name
AssetImportWorker4
-projectPath
D:/solarpanelDigitalTwin
-logFile
Logs/AssetImportWorker4.log
-srvPort
49284
Successfully changed project path to: D:/solarpanelDigitalTwin
D:/solarpanelDigitalTwin
Using Asset Import Pipeline V2.
Refreshing native plugins compatible for Editor in 199.27 ms, found 2 plugins.
Preloading 0 native plugins for Editor in 0.00 ms.
Initialize engine version: 2020.3.8f1 (507919d4fff5)
[Subsystems] Discovering subsystems at path C:/Program Files/Unity/Hub/Editor/2020.3.8f1/Editor/Data/Resources/UnitySubsystems
[Subsystems] Discovering subsystems at path D:/solarpanelDigitalTwin/Assets
GfxDevice: creating device client; threaded=0
Direct3D:
    Version:  Direct3D 11.0 [level 11.1]
    Renderer: NVIDIA GeForce GTX 1650 Ti (ID=0x1f95)
    Vendor:   
    VRAM:     3950 MB
    Driver:   31.0.15.4626
Initialize mono
Mono path[0] = 'C:/Program Files/Unity/Hub/Editor/2020.3.8f1/Editor/Data/Managed'
Mono path[1] = 'C:/Program Files/Unity/Hub/Editor/2020.3.8f1/Editor/Data/MonoBleedingEdge/lib/mono/unityjit'
Mono config path = 'C:/Program Files/Unity/Hub/Editor/2020.3.8f1/Editor/Data/MonoBleedingEdge/etc'
Using monoOptions --debugger-agent=transport=dt_socket,embedding=1,server=y,suspend=n,address=127.0.0.1:56532
Begin MonoManager ReloadAssembly
Registering precompiled unity dll's ...
Register platform support module: C:/Program Files/Unity/Hub/Editor/2020.3.8f1/Editor/Data/PlaybackEngines/WindowsStandaloneSupport/UnityEditor.WindowsStandalone.Extensions.dll
Registered in 0.001751 seconds.
Native extension for WindowsStandalone target not found
Refreshing native plugins compatible for Editor in 71.01 ms, found 2 plugins.
Preloading 0 native plugins for Editor in 0.00 ms.
Mono: successfully reloaded assembly
- Completed reload, in  2.565 seconds
Platform modules already initialized, skipping
Registering precompiled user dll's ...
Registered in 0.002921 seconds.
Begin MonoManager ReloadAssembly
Native extension for WindowsStandalone target not found
Refreshing native plugins compatible for Editor in 39.52 ms, found 2 plugins.
Preloading 0 native plugins for Editor in 0.00 ms.
Mono: successfully reloaded assembly
- Completed reload, in  2.294 seconds
Platform modules already initialized, skipping
========================================================================
Worker process is ready to serve import requests
Launched and connected shader compiler UnityShaderCompiler.exe after 0.09 seconds
Refreshing native plugins compatible for Editor in 0.50 ms, found 2 plugins.
Preloading 0 native plugins for Editor in 0.00 ms.
Unloading 2210 Unused Serialized files (Serialized files now loaded: 0)
System memory in use before: 112.0 MB.
System memory in use after: 112.1 MB.

Unloading 17 unused Assets to reduce memory usage. Loaded Objects now: 2681.
Total: 7.960300 ms (FindLiveObjects: 0.360200 ms CreateObjectMapping: 0.131300 ms MarkObjects: 7.427900 ms  DeleteObjects: 0.037000 ms)

========================================================================
Received Import Request.
  path: Assets/solar wiper movement/SolarPanelCleaner.cs
  artifactKey: Guid(fc55bd3f170a9e04aa005bc2e797a207) Importer(815301076,1909f56bfc062723c751e8b465ee728b)
Start importing Assets/solar wiper movement/SolarPanelCleaner.cs using Guid(fc55bd3f170a9e04aa005bc2e797a207) Importer(815301076,1909f56bfc062723c751e8b465ee728b)  -> (artifact id: 'd92e366682fdea45978ca99edb0de432') in 0.185463 seconds
  Import took 0.208599 seconds .

========================================================================
Received Prepare
Registering precompiled user dll's ...
Registered in 0.161056 seconds.
Begin MonoManager ReloadAssembly
Native extension for WindowsStandalone target not found
Refreshing native plugins compatible for Editor in 0.46 ms, found 2 plugins.
Preloading 0 native plugins for Editor in 0.00 ms.
Mono: successfully reloaded assembly
- Completed reload, in  2.031 seconds
Platform modules already initialized, skipping
Refreshing native plugins compatible for Editor in 0.55 ms, found 2 plugins.
Preloading 0 native plugins for Editor in 0.00 ms.
Unloading 2184 Unused Serialized files (Serialized files now loaded: 0)
System memory in use before: 110.1 MB.
System memory in use after: 110.2 MB.

Unloading 13 unused Assets to reduce memory usage. Loaded Objects now: 2684.
Total: 2.394300 ms (FindLiveObjects: 0.271100 ms CreateObjectMapping: 0.070600 ms MarkObjects: 2.029600 ms  DeleteObjects: 0.021400 ms)

========================================================================
Received Prepare
Registering precompiled user dll's ...
Registered in 0.002883 seconds.
Begin MonoManager ReloadAssembly
Native extension for WindowsStandalone target not found
Refreshing native plugins compatible for Editor in 0.48 ms, found 2 plugins.
Preloading 0 native plugins for Editor in 0.00 ms.
Mono: successfully reloaded assembly
- Completed reload, in  1.134 seconds
Platform modules already initialized, skipping
Refreshing native plugins compatible for Editor in 1.45 ms, found 2 plugins.
Preloading 0 native plugins for Editor in 0.00 ms.
Unloading 2184 Unused Serialized files (Serialized files now loaded: 0)
System memory in use before: 110.1 MB.
System memory in use after: 110.2 MB.

Unloading 13 unused Assets to reduce memory usage. Loaded Objects now: 2687.
Total: 5.671700 ms (FindLiveObjects: 0.999900 ms CreateObjectMapping: 0.310300 ms MarkObjects: 4.314500 ms  DeleteObjects: 0.041800 ms)

========================================================================
Received Prepare
Registering precompiled user dll's ...
Registered in 0.003288 seconds.
Begin MonoManager ReloadAssembly
Native extension for WindowsStandalone target not found
Refreshing native plugins compatible for Editor in 0.46 ms, found 2 plugins.
Preloading 0 native plugins for Editor in 0.00 ms.
Mono: successfully reloaded assembly
- Completed reload, in  1.135 seconds
Platform modules already initialized, skipping
Refreshing native plugins compatible for Editor in 0.46 ms, found 2 plugins.
Preloading 0 native plugins for Editor in 0.00 ms.
Unloading 2184 Unused Serialized files (Serialized files now loaded: 0)
System memory in use before: 110.1 MB.
System memory in use after: 110.3 MB.

Unloading 13 unused Assets to reduce memory usage. Loaded Objects now: 2690.
Total: 3.176900 ms (FindLiveObjects: 0.303100 ms CreateObjectMapping: 0.069000 ms MarkObjects: 2.776200 ms  DeleteObjects: 0.026400 ms)

========================================================================
Received Prepare
Registering precompiled user dll's ...
Registered in 0.003174 seconds.
Begin MonoManager ReloadAssembly
Native extension for WindowsStandalone target not found
Refreshing native plugins compatible for Editor in 0.48 ms, found 2 plugins.
Preloading 0 native plugins for Editor in 0.00 ms.
Mono: successfully reloaded assembly
- Completed reload, in  1.226 seconds
Platform modules already initialized, skipping
Refreshing native plugins compatible for Editor in 0.46 ms, found 2 plugins.
Preloading 0 native plugins for Editor in 0.00 ms.
Unloading 2184 Unused Serialized files (Serialized files now loaded: 0)
System memory in use before: 110.1 MB.
System memory in use after: 110.3 MB.

Unloading 13 unused Assets to reduce memory usage. Loaded Objects now: 2693.
Total: 2.626700 ms (FindLiveObjects: 0.234800 ms CreateObjectMapping: 0.064400 ms MarkObjects: 2.296900 ms  DeleteObjects: 0.028600 ms)

========================================================================
Received Prepare
Registering precompiled user dll's ...
Registered in 0.021670 seconds.
Begin MonoManager ReloadAssembly
Native extension for WindowsStandalone target not found
Refreshing native plugins compatible for Editor in 0.45 ms, found 2 plugins.
Preloading 0 native plugins for Editor in 0.00 ms.
Mono: successfully reloaded assembly
- Completed reload, in  1.144 seconds
Platform modules already initialized, skipping
Refreshing native plugins compatible for Editor in 0.53 ms, found 2 plugins.
Preloading 0 native plugins for Editor in 0.00 ms.
Unloading 2184 Unused Serialized files (Serialized files now loaded: 0)
System memory in use before: 110.1 MB.
System memory in use after: 110.2 MB.

Unloading 13 unused Assets to reduce memory usage. Loaded Objects now: 2696.
Total: 3.282900 ms (FindLiveObjects: 0.421400 ms CreateObjectMapping: 0.141000 ms MarkObjects: 2.692700 ms  DeleteObjects: 0.024800 ms)

========================================================================
Received Prepare
Registering precompiled user dll's ...
Registered in 0.002864 seconds.
Begin MonoManager ReloadAssembly
Native extension for WindowsStandalone target not found
Refreshing native plugins compatible for Editor in 0.70 ms, found 2 plugins.
Preloading 0 native plugins for Editor in 0.00 ms.
Mono: successfully reloaded assembly
- Completed reload, in  1.526 seconds
Platform modules already initialized, skipping
Refreshing native plugins compatible for Editor in 0.54 ms, found 2 plugins.
Preloading 0 native plugins for Editor in 0.00 ms.
Unloading 2184 Unused Serialized files (Serialized files now loaded: 0)
System memory in use before: 110.2 MB.
System memory in use after: 110.3 MB.

Unloading 13 unused Assets to reduce memory usage. Loaded Objects now: 2699.
Total: 2.301200 ms (FindLiveObjects: 0.318500 ms CreateObjectMapping: 0.115400 ms MarkObjects: 1.840100 ms  DeleteObjects: 0.025200 ms)

========================================================================
Received Import Request.
  Time since last request: 578.300876 seconds.
  path: Assets/solar wiper movement/mp4.mat
  artifactKey: Guid(315918f3822582c4986f2ffa568b7f8a) Importer(815301076,1909f56bfc062723c751e8b465ee728b)
Start importing Assets/solar wiper movement/mp4.mat using Guid(315918f3822582c4986f2ffa568b7f8a) Importer(815301076,1909f56bfc062723c751e8b465ee728b)  -> (artifact id: 'f03aed1cb56592a54db4751e27480f7b') in 0.455643 seconds
  Import took 0.465378 seconds .

========================================================================
Received Import Request.
  Time since last request: 0.000860 seconds.
  path: Assets/solar wiper movement/mp1.mat
  artifactKey: Guid(031a0a66b9f4f5a46b4cad5df4d45667) Importer(815301076,1909f56bfc062723c751e8b465ee728b)
Start importing Assets/solar wiper movement/mp1.mat using Guid(031a0a66b9f4f5a46b4cad5df4d45667) Importer(815301076,1909f56bfc062723c751e8b465ee728b)  -> (artifact id: 'dc55960f33134a2699df905fbefbf46e') in 0.021156 seconds
  Import took 0.039591 seconds .

========================================================================
Received Import Request.
  Time since last request: 0.000499 seconds.
  path: Assets/solar wiper movement/mp2.mat
  artifactKey: Guid(3645eb58e9be8324fb8d7ddb00dc005e) Importer(815301076,1909f56bfc062723c751e8b465ee728b)
Start importing Assets/solar wiper movement/mp2.mat using Guid(3645eb58e9be8324fb8d7ddb00dc005e) Importer(815301076,1909f56bfc062723c751e8b465ee728b)  -> (artifact id: 'ca6a47114ffb9a9c3d644ea7ea7ec562') in 0.029948 seconds
  Import took 0.052944 seconds .

========================================================================
Received Import Request.
  Time since last request: 0.000543 seconds.
  path: Assets/solar wiper movement/mp3.mat
  artifactKey: Guid(2bf80155ccb9d0f4eb97f4d735f175b7) Importer(815301076,1909f56bfc062723c751e8b465ee728b)
Start importing Assets/solar wiper movement/mp3.mat using Guid(2bf80155ccb9d0f4eb97f4d735f175b7) Importer(815301076,1909f56bfc062723c751e8b465ee728b)  -> (artifact id: '08b33ed2f90d981a3b99a20da5bffc96') in 0.013146 seconds
  Import took 0.018576 seconds .

========================================================================
Received Prepare
Registering precompiled user dll's ...
Registered in 0.002976 seconds.
Begin MonoManager ReloadAssembly
Native extension for WindowsStandalone target not found
Refreshing native plugins compatible for Editor in 0.69 ms, found 2 plugins.
Preloading 0 native plugins for Editor in 0.00 ms.
Mono: successfully reloaded assembly
- Completed reload, in  1.206 seconds
Platform modules already initialized, skipping
Refreshing native plugins compatible for Editor in 0.46 ms, found 2 plugins.
Preloading 0 native plugins for Editor in 0.00 ms.
Unloading 2184 Unused Serialized files (Serialized files now loaded: 0)
System memory in use before: 113.5 MB.
System memory in use after: 113.7 MB.

Unloading 13 unused Assets to reduce memory usage. Loaded Objects now: 2742.
Total: 3.071400 ms (FindLiveObjects: 0.305600 ms CreateObjectMapping: 0.089100 ms MarkObjects: 2.645000 ms  DeleteObjects: 0.029800 ms)

========================================================================
Received Prepare
Registering precompiled user dll's ...
Registered in 0.004381 seconds.
Begin MonoManager ReloadAssembly
Native extension for WindowsStandalone target not found
Refreshing native plugins compatible for Editor in 0.45 ms, found 2 plugins.
Preloading 0 native plugins for Editor in 0.00 ms.
Mono: successfully reloaded assembly
- Completed reload, in  1.004 seconds
Platform modules already initialized, skipping
Refreshing native plugins compatible for Editor in 0.44 ms, found 2 plugins.
Preloading 0 native plugins for Editor in 0.00 ms.
Unloading 2184 Unused Serialized files (Serialized files now loaded: 0)
System memory in use before: 113.5 MB.
System memory in use after: 113.7 MB.

Unloading 13 unused Assets to reduce memory usage. Loaded Objects now: 2745.
Total: 3.369500 ms (FindLiveObjects: 0.405800 ms CreateObjectMapping: 0.138300 ms MarkObjects: 2.790800 ms  DeleteObjects: 0.031600 ms)

